<?xml version="1.0" encoding="UTF-8"?>
<!-- Generated by org.testng.reporters.JUnitReportReporter -->
<testsuite skipped="0" hostname="Christians-MBP" name="com.letskodeit.statuses.TwitterWorkFlowTest" tests="3" failures="0" timestamp="22 Dec 2018 18:37:34 GMT" time="0.827" errors="0">
  <testcase name="postTweet" time="0.314" classname="com.letskodeit.statuses.TwitterWorkFlowTest"/>
  <testcase name="deleteTweet" time="0.250" classname="com.letskodeit.statuses.TwitterWorkFlowTest"/>
  <testcase name="readTweet" time="0.263" classname="com.letskodeit.statuses.TwitterWorkFlowTest"/>
</testsuite> <!-- com.letskodeit.statuses.TwitterWorkFlowTest -->
