<?xml version="1.0" encoding="UTF-8"?>
<!-- Generated by org.testng.reporters.JUnitReportReporter -->
<testsuite skipped="0" hostname="Christians-MBP" name="com.letskodeit.statuses.UserTimeLineTest" tests="2" failures="0" timestamp="22 Dec 2018 18:37:34 GMT" time="2.421" errors="0">
  <testcase name="readTweets1" time="2.064" classname="com.letskodeit.statuses.UserTimeLineTest"/>
  <testcase name="readTweets2" time="0.357" classname="com.letskodeit.statuses.UserTimeLineTest"/>
</testsuite> <!-- com.letskodeit.statuses.UserTimeLineTest -->
